<?xml version="1.0" encoding="UTF-8"?>
<testsuite name="JUnit Jupiter" tests="1" skipped="0" failures="0" errors="0" time="0.045" hostname="FalkenSakurai" timestamp="2020-11-16T18:34:47">
<properties>
[...]
</properties>
<testcase name="main()" classname="test1Test" time="0.019">
<system-out><![CDATA[
unique-id: [engine:junit-jupiter]/[class:test1Test]/[method:main()]
display-name: main()
]]></system-out>
</testcase>
<system-out><![CDATA[
unique-id: [engine:junit-jupiter]
display-name: JUnit Jupiter
]]></system-out>
</testsuite>
